# JRE version: Java(TM) SE Runtime Environment (17.0.9+11) (build 17.0.9+11-LTS-201)
# Java VM: Java HotSpot(TM) 64-Bit Server VM (17.0.9+11-LTS-201, mixed mode, sharing, tiered, compressed oops, compressed class ptrs, g1 gc, windows-amd64)
GC Precious Log:
 CPUs: 4 total, 4 available
 Memory: 15317M
 Large Page Support: Disabled
 NUMA Support: Disabled
 Compressed Oops: Enabled (Zero based)
 Heap Region Size: 2M
 Heap Min Capacity: 8M
 Heap Initial Capacity: 240M
 Heap Max Capacity: 3830M
 Pre-touch: Disabled
 Parallel Workers: 4
 Concurrent Workers: 1
 Concurrent Refinement Workers: 4
 Periodic GC: Disabled
Heap:
 garbage-first heap   total 118784K, used 77009K [0x0000000710a00000, 0x0000000800000000)
  region size 2048K, 20 young (40960K), 1 survivors (2048K)
 Metaspace       used 84258K, committed 84864K, reserved 1179648K
  class space    used 10539K, committed 10816K, reserved 1048576K
GC Heap History (20 events):
Event: 4648.750 GC heap before
{Heap before GC invocations=78 (full 0):
 garbage-first heap   total 118784K, used 97765K [0x0000000710a00000, 0x0000000800000000)
  region size 2048K, 29 young (59392K), 1 survivors (2048K)
 Metaspace       used 84252K, committed 84864K, reserved 1179648K
  class space    used 10538K, committed 10816K, reserved 1048576K
}
Event: 4648.755 GC heap after
{Heap after GC invocations=79 (full 0):
 garbage-first heap   total 118784K, used 42827K [0x0000000710a00000, 0x0000000800000000)
  region size 2048K, 2 young (4096K), 2 survivors (4096K)
 Metaspace       used 84252K, committed 84864K, reserved 1179648K
  class space    used 10538K, committed 10816K, reserved 1048576K
}
Event: 4649.632 GC heap before
{Heap before GC invocations=79 (full 0):
 garbage-first heap   total 118784K, used 96075K [0x0000000710a00000, 0x0000000800000000)
  region size 2048K, 29 young (59392K), 2 survivors (4096K)
 Metaspace       used 84252K, committed 84864K, reserved 1179648K
  class space    used 10538K, committed 10816K, reserved 1048576K
}
Event: 4649.635 GC heap after
{Heap after GC invocations=80 (full 0):
 garbage-first heap   total 118784K, used 42551K [0x0000000710a00000, 0x0000000800000000)
  region size 2048K, 1 young (2048K), 1 survivors (2048K)
 Metaspace       used 84252K, committed 84864K, reserved 1179648K
  class space    used 10538K, committed 10816K, reserved 1048576K
}
Event: 4650.564 GC heap before
{Heap before GC invocations=80 (full 0):
 garbage-first heap   total 118784K, used 97847K [0x0000000710a00000, 0x0000000800000000)
  region size 2048K, 29 young (59392K), 1 survivors (2048K)
 Metaspace       used 84252K, committed 84864K, reserved 1179648K
  class space    used 10538K, committed 10816K, reserved 1048576K
}
Event: 4650.567 GC heap after
{Heap after GC invocations=81 (full 0):
 garbage-first heap   total 118784K, used 42419K [0x0000000710a00000, 0x0000000800000000)
  region size 2048K, 1 young (2048K), 1 survivors (2048K)
 Metaspace       used 84252K, committed 84864K, reserved 1179648K
  class space    used 10538K, committed 10816K, reserved 1048576K
}
Event: 4651.530 GC heap before
{Heap before GC invocations=81 (full 0):
 garbage-first heap   total 118784K, used 97715K [0x0000000710a00000, 0x0000000800000000)
  region size 2048K, 29 young (59392K), 1 survivors (2048K)
 Metaspace       used 84252K, committed 84864K, reserved 1179648K
  class space    used 10538K, committed 10816K, reserved 1048576K
}
Event: 4651.534 GC heap after
{Heap after GC invocations=82 (full 0):
 garbage-first heap   total 118784K, used 42355K [0x0000000710a00000, 0x0000000800000000)
  region size 2048K, 1 young (2048K), 1 survivors (2048K)
 Metaspace       used 84252K, committed 84864K, reserved 1179648K
  class space    used 10538K, committed 10816K, reserved 1048576K
}
Event: 4652.691 GC heap before
{Heap before GC invocations=82 (full 0):
 garbage-first heap   total 118784K, used 97651K [0x0000000710a00000, 0x0000000800000000)
  region size 2048K, 29 young (59392K), 1 survivors (2048K)
 Metaspace       used 84252K, committed 84864K, reserved 1179648K
  class space    used 10538K, committed 10816K, reserved 1048576K
}
Event: 4652.694 GC heap after
{Heap after GC invocations=83 (full 0):
 garbage-first heap   total 118784K, used 42845K [0x0000000710a00000, 0x0000000800000000)
  region size 2048K, 2 young (4096K), 2 survivors (4096K)
 Metaspace       used 84252K, committed 84864K, reserved 1179648K
  class space    used 10538K, committed 10816K, reserved 1048576K
}
Event: 4654.288 GC heap before
{Heap before GC invocations=83 (full 0):
 garbage-first heap   total 118784K, used 96093K [0x0000000710a00000, 0x0000000800000000)
  region size 2048K, 29 young (59392K), 2 survivors (4096K)
 Metaspace       used 84257K, committed 84864K, reserved 1179648K
  class space    used 10538K, committed 10816K, reserved 1048576K
}
Event: 4654.291 GC heap after
{Heap after GC invocations=84 (full 0):
 garbage-first heap   total 118784K, used 42298K [0x0000000710a00000, 0x0000000800000000)
  region size 2048K, 1 young (2048K), 1 survivors (2048K)
 Metaspace       used 84257K, committed 84864K, reserved 1179648K
  class space    used 10538K, committed 10816K, reserved 1048576K
}
Event: 4655.817 GC heap before
{Heap before GC invocations=84 (full 0):
 garbage-first heap   total 118784K, used 97594K [0x0000000710a00000, 0x0000000800000000)
  region size 2048K, 29 young (59392K), 1 survivors (2048K)
 Metaspace       used 84258K, committed 84864K, reserved 1179648K
  class space    used 10538K, committed 10816K, reserved 1048576K
}
Event: 4655.821 GC heap after
{Heap after GC invocations=85 (full 0):
 garbage-first heap   total 118784K, used 43497K [0x0000000710a00000, 0x0000000800000000)
  region size 2048K, 2 young (4096K), 2 survivors (4096K)
 Metaspace       used 84258K, committed 84864K, reserved 1179648K
  class space    used 10538K, committed 10816K, reserved 1048576K
}
Event: 4657.244 GC heap before
{Heap before GC invocations=85 (full 0):
 garbage-first heap   total 118784K, used 96745K [0x0000000710a00000, 0x0000000800000000)
  region size 2048K, 29 young (59392K), 2 survivors (4096K)
 Metaspace       used 84258K, committed 84864K, reserved 1179648K
  class space    used 10538K, committed 10816K, reserved 1048576K
}
Event: 4657.248 GC heap after
{Heap after GC invocations=86 (full 0):
 garbage-first heap   total 118784K, used 42208K [0x0000000710a00000, 0x0000000800000000)
  region size 2048K, 1 young (2048K), 1 survivors (2048K)
 Metaspace       used 84258K, committed 84864K, reserved 1179648K
  class space    used 10538K, committed 10816K, reserved 1048576K
}
Event: 4658.883 GC heap before
{Heap before GC invocations=86 (full 0):
 garbage-first heap   total 118784K, used 97504K [0x0000000710a00000, 0x0000000800000000)
  region size 2048K, 29 young (59392K), 1 survivors (2048K)
 Metaspace       used 84258K, committed 84864K, reserved 1179648K
  class space    used 10538K, committed 10816K, reserved 1048576K
}
Event: 4658.888 GC heap after
{Heap after GC invocations=87 (full 0):
 garbage-first heap   total 118784K, used 42814K [0x0000000710a00000, 0x0000000800000000)
  region size 2048K, 2 young (4096K), 2 survivors (4096K)
 Metaspace       used 84258K, committed 84864K, reserved 1179648K
  class space    used 10538K, committed 10816K, reserved 1048576K
}
Event: 4660.178 GC heap before
{Heap before GC invocations=87 (full 0):
 garbage-first heap   total 118784K, used 96062K [0x0000000710a00000, 0x0000000800000000)
  region size 2048K, 29 young (59392K), 2 survivors (4096K)
 Metaspace       used 84258K, committed 84864K, reserved 1179648K
  class space    used 10538K, committed 10816K, reserved 1048576K
}
Event: 4660.181 GC heap after
{Heap after GC invocations=88 (full 0):
 garbage-first heap   total 118784K, used 42193K [0x0000000710a00000, 0x0000000800000000)
  region size 2048K, 1 young (2048K), 1 survivors (2048K)
 Metaspace       used 84258K, committed 84864K, reserved 1179648K
  class space    used 10538K, committed 10816K, reserved 1048576K
}

